Using pre-set license
Built from '2021.1/release' branch; Version is '2021.1.0f1 (61a549675243) revision 6399305'; Using compiler version '192528614'; Build Type 'Release'
OS: 'Windows 10 Home Single Language; OS build 19042.867; Version 2009; 64bit' Language: 'fr' Physical Memory: 7994 MB
BatchMode: 1, IsHumanControllingUs: 0, StartBugReporterOnCrash: 0, Is64bit: 1, IsPro: 0

 COMMAND LINE ARGUMENTS:
C:\Program Files\Unity\Hub\Editor\2021.1.0f1\Editor\Unity.exe
-adb2
-batchMode
-noUpm
-name
AssetImportWorker0
-projectPath
C:/Users/hajja/OneDrive/Bureau/testt/Arkanoidd
-logFile
Logs/AssetImportWorker0.log
-srvPort
52615
Successfully changed project path to: C:/Users/hajja/OneDrive/Bureau/testt/Arkanoidd
C:/Users/hajja/OneDrive/Bureau/testt/Arkanoidd
Using Asset Import Pipeline V2.
Refreshing native plugins compatible for Editor in 85.96 ms, found 2 plugins.
Preloading 0 native plugins for Editor in 0.00 ms.
Initialize engine version: 2021.1.0f1 (61a549675243)
[Subsystems] Discovering subsystems at path C:/Program Files/Unity/Hub/Editor/2021.1.0f1/Editor/Data/Resources/UnitySubsystems
[Subsystems] Discovering subsystems at path C:/Users/hajja/OneDrive/Bureau/testt/Arkanoidd/Assets
GfxDevice: creating device client; threaded=0; jobified=0
Direct3D:
    Version:  Direct3D 11.0 [level 11.0]
    Renderer: NVIDIA GeForce MX110 (ID=0x174e)
    Vendor:   NVIDIA
    VRAM:     2010 MB
    Driver:   27.21.14.5763
Initialize mono
Mono path[0] = 'C:/Program Files/Unity/Hub/Editor/2021.1.0f1/Editor/Data/Managed'
Mono path[1] = 'C:/Program Files/Unity/Hub/Editor/2021.1.0f1/Editor/Data/MonoBleedingEdge/lib/mono/unityjit'
Mono config path = 'C:/Program Files/Unity/Hub/Editor/2021.1.0f1/Editor/Data/MonoBleedingEdge/etc'
Using monoOptions --debugger-agent=transport=dt_socket,embedding=1,server=y,suspend=n,address=127.0.0.1:56620
Begin MonoManager ReloadAssembly
Registering precompiled unity dll's ...
Register platform support module: C:/Program Files/Unity/Hub/Editor/2021.1.0f1/Editor/Data/PlaybackEngines/WebGLSupport/UnityEditor.WebGL.Extensions.dll
Register platform support module: C:/Program Files/Unity/Hub/Editor/2021.1.0f1/Editor/Data/PlaybackEngines/WindowsStandaloneSupport/UnityEditor.WindowsStandalone.Extensions.dll
Registered in 0.002272 seconds.
Native extension for WindowsStandalone target not found
Native extension for WebGL target not found
Refreshing native plugins compatible for Editor in 85.06 ms, found 2 plugins.
Preloading 0 native plugins for Editor in 0.00 ms.
Mono: successfully reloaded assembly
- Completed reload, in  1.205 seconds
Platform modules already initialized, skipping
Registering precompiled user dll's ...
Registered in 0.003832 seconds.
Begin MonoManager ReloadAssembly
Native extension for WindowsStandalone target not found
Native extension for WebGL target not found
Refreshing native plugins compatible for Editor in 86.73 ms, found 2 plugins.
Preloading 0 native plugins for Editor in 0.00 ms.
Mono: successfully reloaded assembly
- Completed reload, in  1.068 seconds
Platform modules already initialized, skipping
========================================================================
Worker process is ready to serve import requests
Launched and connected shader compiler UnityShaderCompiler.exe after 0.11 seconds
Refreshing native plugins compatible for Editor in 0.59 ms, found 2 plugins.
Preloading 0 native plugins for Editor in 0.00 ms.
Unloading 3365 Unused Serialized files (Serialized files now loaded: 0)
System memory in use before: 127.4 MB.
System memory in use after: 127.5 MB.

Unloading 29 unused Assets to reduce memory usage. Loaded Objects now: 3816.
Total: 2.686300 ms (FindLiveObjects: 0.422600 ms CreateObjectMapping: 0.210900 ms MarkObjects: 1.927200 ms  DeleteObjects: 0.123900 ms)

========================================================================
Received Import Request.
  path: Assets/backg.png
  artifactKey: Guid(ec6de8d59ac47a847adcd7a47cc6f8f8) Importer(815301076,1909f56bfc062723c751e8b465ee728b)
Start importing Assets/backg.png using Guid(ec6de8d59ac47a847adcd7a47cc6f8f8) Importer(815301076,1909f56bfc062723c751e8b465ee728b)  -> (artifact id: '1afa7aa51cd75fa278945e6e08e3c79c') in 0.217285 seconds 
========================================================================
Received Prepare
Registering precompiled user dll's ...
Registered in 0.005160 seconds.
Begin MonoManager ReloadAssembly
Native extension for WindowsStandalone target not found
Native extension for WebGL target not found
Refreshing native plugins compatible for Editor in 0.59 ms, found 2 plugins.
Preloading 0 native plugins for Editor in 0.00 ms.
Mono: successfully reloaded assembly
- Completed reload, in  0.903 seconds
Platform modules already initialized, skipping
Refreshing native plugins compatible for Editor in 0.51 ms, found 2 plugins.
Preloading 0 native plugins for Editor in 0.00 ms.
Unloading 3361 Unused Serialized files (Serialized files now loaded: 0)
System memory in use before: 131.5 MB.
System memory in use after: 131.6 MB.

Unloading 17 unused Assets to reduce memory usage. Loaded Objects now: 3841.
Total: 2.301100 ms (FindLiveObjects: 0.252300 ms CreateObjectMapping: 0.096600 ms MarkObjects: 1.831500 ms  DeleteObjects: 0.119900 ms)

========================================================================
Received Import Request.
  Time since last request: 647.105963 seconds.
  path: ProjectSettings/TagManager.asset
  artifactKey: Guid(00000000000000003000000000000000) Importer(815301076,1909f56bfc062723c751e8b465ee728b)
Start importing ProjectSettings/TagManager.asset using Guid(00000000000000003000000000000000) Importer(815301076,1909f56bfc062723c751e8b465ee728b)  -> (artifact id: 'd460cff7eab2a4f47601416dbbc72eb2') in 0.076303 seconds 
========================================================================
Received Import Request.
  Time since last request: 1233.106549 seconds.
  path: Assets/racket.png
  artifactKey: Guid(8757332c45bef0544aa749fae362378d) Importer(815301076,1909f56bfc062723c751e8b465ee728b)
Start importing Assets/racket.png using Guid(8757332c45bef0544aa749fae362378d) Importer(815301076,1909f56bfc062723c751e8b465ee728b)  -> (artifact id: '77a46d94a08f7b372aada33e405c7659') in 0.088007 seconds 
========================================================================
Received Import Request.
  Time since last request: 18.979752 seconds.
  path: Assets/racket.png
  artifactKey: Guid(8757332c45bef0544aa749fae362378d) Importer(815301076,1909f56bfc062723c751e8b465ee728b)
Start importing Assets/racket.png using Guid(8757332c45bef0544aa749fae362378d) Importer(815301076,1909f56bfc062723c751e8b465ee728b)  -> (artifact id: '46a6d7584694e61de5f1278a25b39299') in 0.340741 seconds 
========================================================================
Received Import Request.
  Time since last request: 1934.566054 seconds.
  path: Assets
  artifactKey: Guid(00000000000000001000000000000000) Importer(815301076,1909f56bfc062723c751e8b465ee728b)
Start importing Assets using Guid(00000000000000001000000000000000) Importer(815301076,1909f56bfc062723c751e8b465ee728b)  -> (artifact id: 'c1e3b0d4d28e3570eb9237b2a8027d38') in 0.009017 seconds 
========================================================================
Received Import Request.
  Time since last request: 25.306044 seconds.
  path: Assets/script
  artifactKey: Guid(fb2c8c60082b8ac42b3e45ec589195f5) Importer(815301076,1909f56bfc062723c751e8b465ee728b)
Start importing Assets/script using Guid(fb2c8c60082b8ac42b3e45ec589195f5) Importer(815301076,1909f56bfc062723c751e8b465ee728b)  -> (artifact id: '321e09be56cbb163c15d5edf13ff5c35') in 0.008788 seconds 
========================================================================
Received Prepare
Registering precompiled user dll's ...
Registered in 0.003708 seconds.
Begin MonoManager ReloadAssembly
Native extension for WindowsStandalone target not found
Native extension for WebGL target not found
Refreshing native plugins compatible for Editor in 0.48 ms, found 2 plugins.
Preloading 0 native plugins for Editor in 0.00 ms.
Mono: successfully reloaded assembly
- Completed reload, in  0.910 seconds
Platform modules already initialized, skipping
Refreshing native plugins compatible for Editor in 0.81 ms, found 2 plugins.
Preloading 0 native plugins for Editor in 0.00 ms.
Unloading 3362 Unused Serialized files (Serialized files now loaded: 0)
System memory in use before: 132.4 MB.
System memory in use after: 132.5 MB.

Unloading 18 unused Assets to reduce memory usage. Loaded Objects now: 3878.
Total: 3.049000 ms (FindLiveObjects: 0.326400 ms CreateObjectMapping: 0.147500 ms MarkObjects: 2.405300 ms  DeleteObjects: 0.168200 ms)

========================================================================
Received Import Request.
  Time since last request: 33.987493 seconds.
  path: Assets/script/NewBehaviourScript.cs
  artifactKey: Guid(b0e9ac02919c4d647989f8badf7e0a6d) Importer(815301076,1909f56bfc062723c751e8b465ee728b)
Start importing Assets/script/NewBehaviourScript.cs using Guid(b0e9ac02919c4d647989f8badf7e0a6d) Importer(815301076,1909f56bfc062723c751e8b465ee728b)  -> (artifact id: '6e488eb6016c553bbbf20d71b66345ab') in 0.144251 seconds 
========================================================================
Received Import Request.
  Time since last request: 9.807752 seconds.
  path: Assets/script/racket.cs
  artifactKey: Guid(b0e9ac02919c4d647989f8badf7e0a6d) Importer(815301076,1909f56bfc062723c751e8b465ee728b)
Start importing Assets/script/racket.cs using Guid(b0e9ac02919c4d647989f8badf7e0a6d) Importer(815301076,1909f56bfc062723c751e8b465ee728b)  -> (artifact id: '2eacb072c6b1fec03f4304ee05f5b2da') in 0.003766 seconds 
========================================================================
Received Prepare
Registering precompiled user dll's ...
Registered in 0.005458 seconds.
Begin MonoManager ReloadAssembly
Native extension for WindowsStandalone target not found
Native extension for WebGL target not found
Refreshing native plugins compatible for Editor in 1.01 ms, found 2 plugins.
Preloading 0 native plugins for Editor in 0.00 ms.
Mono: successfully reloaded assembly
- Completed reload, in  0.927 seconds
Platform modules already initialized, skipping
Refreshing native plugins compatible for Editor in 0.59 ms, found 2 plugins.
Preloading 0 native plugins for Editor in 0.00 ms.
Unloading 3361 Unused Serialized files (Serialized files now loaded: 0)
System memory in use before: 132.4 MB.
System memory in use after: 132.5 MB.

Unloading 17 unused Assets to reduce memory usage. Loaded Objects now: 3882.
Total: 2.667000 ms (FindLiveObjects: 0.314200 ms CreateObjectMapping: 0.132300 ms MarkObjects: 2.109800 ms  DeleteObjects: 0.108600 ms)

========================================================================
Received Import Request.
  Time since last request: 1906.562324 seconds.
  path: Assets/script/racket.cs
  artifactKey: Guid(b0e9ac02919c4d647989f8badf7e0a6d) Importer(815301076,1909f56bfc062723c751e8b465ee728b)
Start importing Assets/script/racket.cs using Guid(b0e9ac02919c4d647989f8badf7e0a6d) Importer(815301076,1909f56bfc062723c751e8b465ee728b)  -> (artifact id: '6ece1e68dbbfefd2bbb31c2a3eaa5f51') in 0.010549 seconds 
========================================================================
Received Prepare
Registering precompiled user dll's ...
Registered in 0.107107 seconds.
Begin MonoManager ReloadAssembly
Native extension for WindowsStandalone target not found
Native extension for WebGL target not found
Refreshing native plugins compatible for Editor in 0.45 ms, found 2 plugins.
Preloading 0 native plugins for Editor in 0.00 ms.
Mono: successfully reloaded assembly
- Completed reload, in  0.971 seconds
Platform modules already initialized, skipping
Refreshing native plugins compatible for Editor in 0.55 ms, found 2 plugins.
Preloading 0 native plugins for Editor in 0.00 ms.
Unloading 3361 Unused Serialized files (Serialized files now loaded: 0)
System memory in use before: 132.4 MB.
System memory in use after: 132.5 MB.

Unloading 17 unused Assets to reduce memory usage. Loaded Objects now: 3886.
Total: 3.407300 ms (FindLiveObjects: 0.417800 ms CreateObjectMapping: 0.293700 ms MarkObjects: 2.548900 ms  DeleteObjects: 0.145100 ms)

========================================================================
Received Import Request.
  Time since last request: 118.968105 seconds.
  path: Assets/script/racket.cs
  artifactKey: Guid(b0e9ac02919c4d647989f8badf7e0a6d) Importer(815301076,1909f56bfc062723c751e8b465ee728b)
Start importing Assets/script/racket.cs using Guid(b0e9ac02919c4d647989f8badf7e0a6d) Importer(815301076,1909f56bfc062723c751e8b465ee728b)  -> (artifact id: '5d43db61db6266e8e8da23c48ea52af4') in 0.008199 seconds 
========================================================================
Received Import Request.
  Time since last request: 57.075342 seconds.
  path: Assets/New Physic Material.physicMaterial
  artifactKey: Guid(860ada7a43063d846ae4e4c69ba878a7) Importer(815301076,1909f56bfc062723c751e8b465ee728b)
Start importing Assets/New Physic Material.physicMaterial using Guid(860ada7a43063d846ae4e4c69ba878a7) Importer(815301076,1909f56bfc062723c751e8b465ee728b)  -> (artifact id: 'bbc79fdb3b309c58bb2909a0c4e36e12') in 0.284726 seconds 
========================================================================
Received Import Request.
  Time since last request: 22.657280 seconds.
  path: Assets/New Physics Material 2D.physicsMaterial2D
  artifactKey: Guid(c7083bf9f06ef264187d86740676587f) Importer(815301076,1909f56bfc062723c751e8b465ee728b)
Start importing Assets/New Physics Material 2D.physicsMaterial2D using Guid(c7083bf9f06ef264187d86740676587f) Importer(815301076,1909f56bfc062723c751e8b465ee728b)  -> (artifact id: 'a85241f6a3bc6487f56aa4446f3fe751') in 0.010695 seconds 
========================================================================
Received Import Request.
  Time since last request: 21.673541 seconds.
  path: Assets/BallMaterial.physicsMaterial2D
  artifactKey: Guid(c7083bf9f06ef264187d86740676587f) Importer(815301076,1909f56bfc062723c751e8b465ee728b)
Start importing Assets/BallMaterial.physicsMaterial2D using Guid(c7083bf9f06ef264187d86740676587f) Importer(815301076,1909f56bfc062723c751e8b465ee728b)  -> (artifact id: '3bc4272b0258e374cf672f019100535b') in 0.051890 seconds 
========================================================================
Received Import Request.
  Time since last request: 209.492068 seconds.
  path: Assets/script/ball.cs
  artifactKey: Guid(34209055d1c24fa4e95543a4adc95e5e) Importer(815301076,1909f56bfc062723c751e8b465ee728b)
Start importing Assets/script/ball.cs using Guid(34209055d1c24fa4e95543a4adc95e5e) Importer(815301076,1909f56bfc062723c751e8b465ee728b)  -> (artifact id: 'c4d42918fbdf17eb06cc18d6faace1e4') in 0.034115 seconds 
========================================================================
Received Prepare
Registering precompiled user dll's ...
Registered in 0.089950 seconds.
Begin MonoManager ReloadAssembly
Native extension for WindowsStandalone target not found
Native extension for WebGL target not found
Refreshing native plugins compatible for Editor in 1.16 ms, found 2 plugins.
Preloading 0 native plugins for Editor in 0.00 ms.
Mono: successfully reloaded assembly
- Completed reload, in  3.034 seconds
Platform modules already initialized, skipping
Refreshing native plugins compatible for Editor in 1.18 ms, found 2 plugins.
Preloading 0 native plugins for Editor in 0.00 ms.
Unloading 3362 Unused Serialized files (Serialized files now loaded: 0)
System memory in use before: 132.5 MB.
System memory in use after: 132.6 MB.

Unloading 17 unused Assets to reduce memory usage. Loaded Objects now: 3891.
Total: 5.182200 ms (FindLiveObjects: 0.324500 ms CreateObjectMapping: 0.286400 ms MarkObjects: 3.994200 ms  DeleteObjects: 0.573600 ms)

========================================================================
Received Import Request.
  Time since last request: 3139.925978 seconds.
  path: Assets/script/ball.cs
  artifactKey: Guid(34209055d1c24fa4e95543a4adc95e5e) Importer(815301076,1909f56bfc062723c751e8b465ee728b)
Start importing Assets/script/ball.cs using Guid(34209055d1c24fa4e95543a4adc95e5e) Importer(815301076,1909f56bfc062723c751e8b465ee728b)  -> (artifact id: '07b61b1274f680a621e53c02b6c8e644') in 0.022455 seconds 
========================================================================
Received Prepare
Registering precompiled user dll's ...
Registered in 0.011164 seconds.
Begin MonoManager ReloadAssembly
Native extension for WindowsStandalone target not found
Native extension for WebGL target not found
Refreshing native plugins compatible for Editor in 0.91 ms, found 2 plugins.
Preloading 0 native plugins for Editor in 0.00 ms.
Mono: successfully reloaded assembly
- Completed reload, in  2.097 seconds
Platform modules already initialized, skipping
Refreshing native plugins compatible for Editor in 1.27 ms, found 2 plugins.
Preloading 0 native plugins for Editor in 0.00 ms.
Unloading 3362 Unused Serialized files (Serialized files now loaded: 0)
System memory in use before: 132.5 MB.
System memory in use after: 132.6 MB.

Unloading 17 unused Assets to reduce memory usage. Loaded Objects now: 3895.
Total: 5.844400 ms (FindLiveObjects: 0.690900 ms CreateObjectMapping: 0.248000 ms MarkObjects: 4.543900 ms  DeleteObjects: 0.358000 ms)

========================================================================
Received Import Request.
  Time since last request: 366.068164 seconds.
  path: Assets/script/ball.cs
  artifactKey: Guid(34209055d1c24fa4e95543a4adc95e5e) Importer(815301076,1909f56bfc062723c751e8b465ee728b)
Start importing Assets/script/ball.cs using Guid(34209055d1c24fa4e95543a4adc95e5e) Importer(815301076,1909f56bfc062723c751e8b465ee728b)  -> (artifact id: '137d1c1fd869a161d55e3fac5e257b93') in 0.024064 seconds 
========================================================================
Received Import Request.
  Time since last request: 27.120297 seconds.
  path: Assets/block_blue.png
  artifactKey: Guid(9f9a7ea8ac8b8bc4f8c94d7ce84708e5) Importer(815301076,1909f56bfc062723c751e8b465ee728b)
Start importing Assets/block_blue.png using Guid(9f9a7ea8ac8b8bc4f8c94d7ce84708e5) Importer(815301076,1909f56bfc062723c751e8b465ee728b)  -> (artifact id: 'deacadf4c7a592e2e12a891a5b17a107') in 0.622266 seconds 
========================================================================
Received Import Request.
  Time since last request: 0.000628 seconds.
  path: Assets/block_pink.png
  artifactKey: Guid(85efdf1671562514f99002c484be1d9d) Importer(815301076,1909f56bfc062723c751e8b465ee728b)
Start importing Assets/block_pink.png using Guid(85efdf1671562514f99002c484be1d9d) Importer(815301076,1909f56bfc062723c751e8b465ee728b)  -> (artifact id: 'e937b32ddc1e55462dcce8ee22938187') in 0.044628 seconds 
========================================================================
Received Import Request.
  Time since last request: 0.000455 seconds.
  path: Assets/block_red.png
  artifactKey: Guid(80467018abaeb544a864038d1fa8f6eb) Importer(815301076,1909f56bfc062723c751e8b465ee728b)
Start importing Assets/block_red.png using Guid(80467018abaeb544a864038d1fa8f6eb) Importer(815301076,1909f56bfc062723c751e8b465ee728b)  -> (artifact id: '46a706fa7fab9889f77472efb8679e7f') in 0.128474 seconds 
========================================================================
Received Import Request.
  Time since last request: 0.000533 seconds.
  path: Assets/block_green.png
  artifactKey: Guid(e872dc7315cbc544cae5ab5dc36a898f) Importer(815301076,1909f56bfc062723c751e8b465ee728b)
Start importing Assets/block_green.png using Guid(e872dc7315cbc544cae5ab5dc36a898f) Importer(815301076,1909f56bfc062723c751e8b465ee728b)  -> (artifact id: 'eeedd3b1e2a31b2aa20355f133c4620e') in 0.044638 seconds 
========================================================================
Received Import Request.
  Time since last request: 0.000661 seconds.
  path: Assets/block_yellow.png
  artifactKey: Guid(3111ab3166aaaf548b4e52cbf609769f) Importer(815301076,1909f56bfc062723c751e8b465ee728b)
Start importing Assets/block_yellow.png using Guid(3111ab3166aaaf548b4e52cbf609769f) Importer(815301076,1909f56bfc062723c751e8b465ee728b)  -> (artifact id: '3b7bf7d3f69c88cde7f8e32294822ea3') in 0.039008 seconds 
========================================================================
Received Import Request.
  Time since last request: 14.729977 seconds.
  path: Assets/block_blue.png
  artifactKey: Guid(9f9a7ea8ac8b8bc4f8c94d7ce84708e5) Importer(815301076,1909f56bfc062723c751e8b465ee728b)
Start importing Assets/block_blue.png using Guid(9f9a7ea8ac8b8bc4f8c94d7ce84708e5) Importer(815301076,1909f56bfc062723c751e8b465ee728b)  -> (artifact id: 'eaee07522816fca076d550fe8bb7e985') in 0.028669 seconds 
========================================================================
Received Import Request.
  Time since last request: 8.116887 seconds.
  path: Assets/block_green.png
  artifactKey: Guid(e872dc7315cbc544cae5ab5dc36a898f) Importer(815301076,1909f56bfc062723c751e8b465ee728b)
Start importing Assets/block_green.png using Guid(e872dc7315cbc544cae5ab5dc36a898f) Importer(815301076,1909f56bfc062723c751e8b465ee728b)  -> (artifact id: '786c0a8bc52051889e56e91118537e0e') in 0.023846 seconds 
========================================================================
Received Import Request.
  Time since last request: 9.942706 seconds.
  path: Assets/block_pink.png
  artifactKey: Guid(85efdf1671562514f99002c484be1d9d) Importer(815301076,1909f56bfc062723c751e8b465ee728b)
Start importing Assets/block_pink.png using Guid(85efdf1671562514f99002c484be1d9d) Importer(815301076,1909f56bfc062723c751e8b465ee728b)  -> (artifact id: 'f9e846d623cd8aa7a4c3129c9d0150fa') in 0.026694 seconds 
========================================================================
Received Import Request.
  Time since last request: 6.351818 seconds.
  path: Assets/block_red.png
  artifactKey: Guid(80467018abaeb544a864038d1fa8f6eb) Importer(815301076,1909f56bfc062723c751e8b465ee728b)
Start importing Assets/block_red.png using Guid(80467018abaeb544a864038d1fa8f6eb) Importer(815301076,1909f56bfc062723c751e8b465ee728b)  -> (artifact id: '64dd7a09aea433eb06856f44dc4f753b') in 0.046078 seconds 
========================================================================
Received Import Request.
  Time since last request: 6.992698 seconds.
  path: Assets/block_yellow.png
  artifactKey: Guid(3111ab3166aaaf548b4e52cbf609769f) Importer(815301076,1909f56bfc062723c751e8b465ee728b)
Start importing Assets/block_yellow.png using Guid(3111ab3166aaaf548b4e52cbf609769f) Importer(815301076,1909f56bfc062723c751e8b465ee728b)  -> (artifact id: 'b1111e3345f9d0d4de9561f68ac3b7ea') in 0.021701 seconds 
========================================================================
Received Import Request.
  Time since last request: 0.000380 seconds.
  path: Assets/Scenes
  artifactKey: Guid(f8f49b9522b734f4ba48a200d164afb1) Importer(815301076,1909f56bfc062723c751e8b465ee728b)
Start importing Assets/Scenes using Guid(f8f49b9522b734f4ba48a200d164afb1) Importer(815301076,1909f56bfc062723c751e8b465ee728b)  -> (artifact id: '62ba8ed73f2ce47713dd6f1d28e72946') in 0.013041 seconds 
========================================================================
Received Import Request.
  Time since last request: 1364.452600 seconds.
  path: Assets/BallMaterial.physicsMaterial2D
  artifactKey: Guid(c7083bf9f06ef264187d86740676587f) Importer(815301076,1909f56bfc062723c751e8b465ee728b)
Start importing Assets/BallMaterial.physicsMaterial2D using Guid(c7083bf9f06ef264187d86740676587f) Importer(815301076,1909f56bfc062723c751e8b465ee728b)  -> (artifact id: '0f6911160f2c214211318d38b31930dd') in 0.059766 seconds 
========================================================================
Received Import Request.
  Time since last request: 462.059179 seconds.
  path: Assets/script/blocks.cs
  artifactKey: Guid(48894efa641957144a215a51c4e12882) Importer(815301076,1909f56bfc062723c751e8b465ee728b)
Start importing Assets/script/blocks.cs using Guid(48894efa641957144a215a51c4e12882) Importer(815301076,1909f56bfc062723c751e8b465ee728b)  -> (artifact id: 'eacd7d9fa1a602b3b297fc889ccb77fb') in 0.017916 seconds 
========================================================================
Received Prepare
Registering precompiled user dll's ...
Registered in 0.009716 seconds.
Begin MonoManager ReloadAssembly
Native extension for WindowsStandalone target not found
Native extension for WebGL target not found
Refreshing native plugins compatible for Editor in 0.98 ms, found 2 plugins.
Preloading 0 native plugins for Editor in 0.00 ms.
Mono: successfully reloaded assembly
- Completed reload, in  2.191 seconds
Platform modules already initialized, skipping
Refreshing native plugins compatible for Editor in 1.37 ms, found 2 plugins.
Preloading 0 native plugins for Editor in 0.00 ms.
Unloading 3368 Unused Serialized files (Serialized files now loaded: 0)
System memory in use before: 136.7 MB.
System memory in use after: 136.8 MB.

Unloading 17 unused Assets to reduce memory usage. Loaded Objects now: 4048.
Total: 6.382400 ms (FindLiveObjects: 0.623200 ms CreateObjectMapping: 0.315700 ms MarkObjects: 5.171200 ms  DeleteObjects: 0.269900 ms)

========================================================================
Received Prepare
Registering precompiled user dll's ...
Registered in 0.008175 seconds.
Begin MonoManager ReloadAssembly
Native extension for WindowsStandalone target not found
Native extension for WebGL target not found
Refreshing native plugins compatible for Editor in 1.04 ms, found 2 plugins.
Preloading 0 native plugins for Editor in 0.00 ms.
Mono: successfully reloaded assembly
- Completed reload, in  2.705 seconds
Platform modules already initialized, skipping
Refreshing native plugins compatible for Editor in 0.93 ms, found 2 plugins.
Preloading 0 native plugins for Editor in 0.00 ms.
Unloading 3363 Unused Serialized files (Serialized files now loaded: 0)
System memory in use before: 136.5 MB.
System memory in use after: 136.6 MB.

Unloading 17 unused Assets to reduce memory usage. Loaded Objects now: 4052.
Total: 3.574700 ms (FindLiveObjects: 0.569000 ms CreateObjectMapping: 0.189200 ms MarkObjects: 2.689900 ms  DeleteObjects: 0.125100 ms)

========================================================================
Received Import Request.
  Time since last request: 146.215088 seconds.
  path: Assets/script/blocks.cs
  artifactKey: Guid(48894efa641957144a215a51c4e12882) Importer(815301076,1909f56bfc062723c751e8b465ee728b)
Start importing Assets/script/blocks.cs using Guid(48894efa641957144a215a51c4e12882) Importer(815301076,1909f56bfc062723c751e8b465ee728b)  -> (artifact id: '6125d09f20c9482436a4817e365bfefc') in 0.067403 seconds 
========================================================================
Received Prepare
Registering precompiled user dll's ...
Registered in 0.009367 seconds.
Begin MonoManager ReloadAssembly
Native extension for WindowsStandalone target not found
Native extension for WebGL target not found
Refreshing native plugins compatible for Editor in 1.12 ms, found 2 plugins.
Preloading 0 native plugins for Editor in 0.00 ms.
Mono: successfully reloaded assembly
- Completed reload, in  2.157 seconds
Platform modules already initialized, skipping
Refreshing native plugins compatible for Editor in 1.07 ms, found 2 plugins.
Preloading 0 native plugins for Editor in 0.00 ms.
Unloading 3363 Unused Serialized files (Serialized files now loaded: 0)
System memory in use before: 136.5 MB.
System memory in use after: 136.6 MB.

Unloading 17 unused Assets to reduce memory usage. Loaded Objects now: 4056.
Total: 6.176800 ms (FindLiveObjects: 0.612900 ms CreateObjectMapping: 0.334700 ms MarkObjects: 4.961200 ms  DeleteObjects: 0.264600 ms)

========================================================================
Received Prepare
Registering precompiled user dll's ...
Registered in 0.010189 seconds.
Begin MonoManager ReloadAssembly
Native extension for WindowsStandalone target not found
Native extension for WebGL target not found
Refreshing native plugins compatible for Editor in 1.02 ms, found 2 plugins.
Preloading 0 native plugins for Editor in 0.00 ms.
Mono: successfully reloaded assembly
- Completed reload, in  2.347 seconds
Platform modules already initialized, skipping
Refreshing native plugins compatible for Editor in 0.98 ms, found 2 plugins.
Preloading 0 native plugins for Editor in 0.00 ms.
Unloading 3363 Unused Serialized files (Serialized files now loaded: 0)
System memory in use before: 136.5 MB.
System memory in use after: 136.6 MB.

Unloading 17 unused Assets to reduce memory usage. Loaded Objects now: 4060.
Total: 5.111900 ms (FindLiveObjects: 0.538300 ms CreateObjectMapping: 0.322300 ms MarkObjects: 4.072300 ms  DeleteObjects: 0.176700 ms)

========================================================================
Received Prepare
Registering precompiled user dll's ...
Registered in 0.007092 seconds.
Begin MonoManager ReloadAssembly
Native extension for WindowsStandalone target not found
Native extension for WebGL target not found
Refreshing native plugins compatible for Editor in 1.02 ms, found 2 plugins.
Preloading 0 native plugins for Editor in 0.00 ms.
Mono: successfully reloaded assembly
- Completed reload, in  2.173 seconds
Platform modules already initialized, skipping
Refreshing native plugins compatible for Editor in 0.96 ms, found 2 plugins.
Preloading 0 native plugins for Editor in 0.00 ms.
Unloading 3363 Unused Serialized files (Serialized files now loaded: 0)
System memory in use before: 136.5 MB.
System memory in use after: 136.7 MB.

Unloading 17 unused Assets to reduce memory usage. Loaded Objects now: 4064.
Total: 4.647200 ms (FindLiveObjects: 0.513600 ms CreateObjectMapping: 0.362900 ms MarkObjects: 3.433100 ms  DeleteObjects: 0.287800 ms)

========================================================================
Received Prepare
Registering precompiled user dll's ...
Registered in 0.008035 seconds.
Begin MonoManager ReloadAssembly
Native extension for WindowsStandalone target not found
Native extension for WebGL target not found
Refreshing native plugins compatible for Editor in 2.00 ms, found 2 plugins.
Preloading 0 native plugins for Editor in 0.00 ms.
Mono: successfully reloaded assembly
- Completed reload, in  2.216 seconds
Platform modules already initialized, skipping
Refreshing native plugins compatible for Editor in 1.17 ms, found 2 plugins.
Preloading 0 native plugins for Editor in 0.00 ms.
Unloading 3363 Unused Serialized files (Serialized files now loaded: 0)
System memory in use before: 136.5 MB.
System memory in use after: 136.7 MB.

Unloading 17 unused Assets to reduce memory usage. Loaded Objects now: 4068.
Total: 8.038300 ms (FindLiveObjects: 0.800700 ms CreateObjectMapping: 0.507000 ms MarkObjects: 6.300400 ms  DeleteObjects: 0.426900 ms)

========================================================================
Received Prepare
Registering precompiled user dll's ...
Registered in 0.009773 seconds.
Begin MonoManager ReloadAssembly
Native extension for WindowsStandalone target not found
Native extension for WebGL target not found
Refreshing native plugins compatible for Editor in 1.05 ms, found 2 plugins.
Preloading 0 native plugins for Editor in 0.00 ms.
Mono: successfully reloaded assembly
- Completed reload, in  2.324 seconds
Platform modules already initialized, skipping
Refreshing native plugins compatible for Editor in 1.69 ms, found 2 plugins.
Preloading 0 native plugins for Editor in 0.00 ms.
Unloading 3363 Unused Serialized files (Serialized files now loaded: 0)
System memory in use before: 136.6 MB.
System memory in use after: 136.7 MB.

Unloading 17 unused Assets to reduce memory usage. Loaded Objects now: 4072.
Total: 6.013800 ms (FindLiveObjects: 0.843200 ms CreateObjectMapping: 0.425100 ms MarkObjects: 4.533700 ms  DeleteObjects: 0.208800 ms)

========================================================================
Received Prepare
Registering precompiled user dll's ...
Registered in 0.008093 seconds.
Begin MonoManager ReloadAssembly
Native extension for WindowsStandalone target not found
Native extension for WebGL target not found
Refreshing native plugins compatible for Editor in 1.08 ms, found 2 plugins.
Preloading 0 native plugins for Editor in 0.00 ms.
Mono: successfully reloaded assembly
- Completed reload, in  2.413 seconds
Platform modules already initialized, skipping
Refreshing native plugins compatible for Editor in 1.02 ms, found 2 plugins.
Preloading 0 native plugins for Editor in 0.00 ms.
Unloading 3363 Unused Serialized files (Serialized files now loaded: 0)
System memory in use before: 136.6 MB.
System memory in use after: 136.7 MB.

Unloading 17 unused Assets to reduce memory usage. Loaded Objects now: 4076.
Total: 4.151100 ms (FindLiveObjects: 0.416400 ms CreateObjectMapping: 0.216200 ms MarkObjects: 3.320800 ms  DeleteObjects: 0.196000 ms)

========================================================================
Received Prepare
Registering precompiled user dll's ...
Registered in 0.008147 seconds.
Begin MonoManager ReloadAssembly
Native extension for WindowsStandalone target not found
Native extension for WebGL target not found
Refreshing native plugins compatible for Editor in 1.15 ms, found 2 plugins.
Preloading 0 native plugins for Editor in 0.00 ms.
Mono: successfully reloaded assembly
- Completed reload, in  2.193 seconds
Platform modules already initialized, skipping
Refreshing native plugins compatible for Editor in 1.14 ms, found 2 plugins.
Preloading 0 native plugins for Editor in 0.00 ms.
Unloading 3363 Unused Serialized files (Serialized files now loaded: 0)
System memory in use before: 136.6 MB.
System memory in use after: 136.7 MB.

Unloading 17 unused Assets to reduce memory usage. Loaded Objects now: 4080.
Total: 4.130600 ms (FindLiveObjects: 0.487800 ms CreateObjectMapping: 0.219100 ms MarkObjects: 3.251600 ms  DeleteObjects: 0.168500 ms)

========================================================================
Received Prepare
Registering precompiled user dll's ...
Registered in 0.010890 seconds.
Begin MonoManager ReloadAssembly
Native extension for WindowsStandalone target not found
Native extension for WebGL target not found
Refreshing native plugins compatible for Editor in 1.17 ms, found 2 plugins.
Preloading 0 native plugins for Editor in 0.00 ms.
Mono: successfully reloaded assembly
- Completed reload, in  2.415 seconds
Platform modules already initialized, skipping
Refreshing native plugins compatible for Editor in 1.38 ms, found 2 plugins.
Preloading 0 native plugins for Editor in 0.00 ms.
Unloading 3363 Unused Serialized files (Serialized files now loaded: 0)
System memory in use before: 136.6 MB.
System memory in use after: 136.8 MB.

Unloading 17 unused Assets to reduce memory usage. Loaded Objects now: 4084.
Total: 6.421100 ms (FindLiveObjects: 0.802000 ms CreateObjectMapping: 0.643400 ms MarkObjects: 4.739500 ms  DeleteObjects: 0.234000 ms)

========================================================================
Received Prepare
Registering precompiled user dll's ...
Registered in 0.009044 seconds.
Begin MonoManager ReloadAssembly
Native extension for WindowsStandalone target not found
Native extension for WebGL target not found
Refreshing native plugins compatible for Editor in 0.95 ms, found 2 plugins.
Preloading 0 native plugins for Editor in 0.00 ms.
Mono: successfully reloaded assembly
- Completed reload, in  2.010 seconds
Platform modules already initialized, skipping
Refreshing native plugins compatible for Editor in 1.55 ms, found 2 plugins.
Preloading 0 native plugins for Editor in 0.00 ms.
Unloading 3363 Unused Serialized files (Serialized files now loaded: 0)
System memory in use before: 136.6 MB.
System memory in use after: 136.8 MB.

Unloading 17 unused Assets to reduce memory usage. Loaded Objects now: 4088.
Total: 6.019900 ms (FindLiveObjects: 0.402900 ms CreateObjectMapping: 0.234100 ms MarkObjects: 5.116100 ms  DeleteObjects: 0.264900 ms)

========================================================================
Received Import Request.
  Time since last request: 1323.466802 seconds.
  path: ProjectSettings/TagManager.asset
  artifactKey: Guid(00000000000000003000000000000000) Importer(815301076,1909f56bfc062723c751e8b465ee728b)
Start importing ProjectSettings/TagManager.asset using Guid(00000000000000003000000000000000) Importer(815301076,1909f56bfc062723c751e8b465ee728b)  -> (artifact id: 'c93592bb416bccd32ddbe4479abaeee8') in 0.048464 seconds 
========================================================================
Received Import Request.
  Time since last request: 78.846068 seconds.
  path: ProjectSettings/TagManager.asset
  artifactKey: Guid(00000000000000003000000000000000) Importer(815301076,1909f56bfc062723c751e8b465ee728b)
Start importing ProjectSettings/TagManager.asset using Guid(00000000000000003000000000000000) Importer(815301076,1909f56bfc062723c751e8b465ee728b)  -> (artifact id: 'ee743b81fc5e5db1872b811045a89892') in 0.009318 seconds 
========================================================================
Received Prepare
Registering precompiled user dll's ...
Registered in 0.008394 seconds.
Begin MonoManager ReloadAssembly
Native extension for WindowsStandalone target not found
Native extension for WebGL target not found
Refreshing native plugins compatible for Editor in 0.91 ms, found 2 plugins.
Preloading 0 native plugins for Editor in 0.00 ms.
Mono: successfully reloaded assembly
- Completed reload, in  2.002 seconds
Platform modules already initialized, skipping
Refreshing native plugins compatible for Editor in 1.08 ms, found 2 plugins.
Preloading 0 native plugins for Editor in 0.00 ms.
Unloading 3363 Unused Serialized files (Serialized files now loaded: 0)
System memory in use before: 136.7 MB.
System memory in use after: 136.8 MB.

Unloading 19 unused Assets to reduce memory usage. Loaded Objects now: 4092.
Total: 7.996700 ms (FindLiveObjects: 0.950400 ms CreateObjectMapping: 0.491700 ms MarkObjects: 6.357100 ms  DeleteObjects: 0.194300 ms)

========================================================================
Received Prepare
Registering precompiled user dll's ...
Registered in 0.003565 seconds.
Begin MonoManager ReloadAssembly
Native extension for WindowsStandalone target not found
Native extension for WebGL target not found
Refreshing native plugins compatible for Editor in 0.55 ms, found 2 plugins.
Preloading 0 native plugins for Editor in 0.00 ms.
Mono: successfully reloaded assembly
- Completed reload, in  0.909 seconds
Platform modules already initialized, skipping
Refreshing native plugins compatible for Editor in 0.52 ms, found 2 plugins.
Preloading 0 native plugins for Editor in 0.00 ms.
Unloading 3363 Unused Serialized files (Serialized files now loaded: 0)
System memory in use before: 136.7 MB.
System memory in use after: 136.8 MB.

Unloading 17 unused Assets to reduce memory usage. Loaded Objects now: 4096.
Total: 2.461600 ms (FindLiveObjects: 0.357100 ms CreateObjectMapping: 0.187800 ms MarkObjects: 1.804100 ms  DeleteObjects: 0.111200 ms)

========================================================================
Received Prepare
Registering precompiled user dll's ...
Registered in 0.003979 seconds.
Begin MonoManager ReloadAssembly
Native extension for WindowsStandalone target not found
Native extension for WebGL target not found
Refreshing native plugins compatible for Editor in 0.54 ms, found 2 plugins.
Preloading 0 native plugins for Editor in 0.00 ms.
Mono: successfully reloaded assembly
- Completed reload, in  0.939 seconds
Platform modules already initialized, skipping
Refreshing native plugins compatible for Editor in 0.47 ms, found 2 plugins.
Preloading 0 native plugins for Editor in 0.00 ms.
Unloading 3363 Unused Serialized files (Serialized files now loaded: 0)
System memory in use before: 136.7 MB.
System memory in use after: 136.8 MB.

Unloading 17 unused Assets to reduce memory usage. Loaded Objects now: 4100.
Total: 2.781100 ms (FindLiveObjects: 0.431400 ms CreateObjectMapping: 0.198300 ms MarkObjects: 2.051300 ms  DeleteObjects: 0.098900 ms)

========================================================================
Received Prepare
Registering precompiled user dll's ...
Registered in 0.003871 seconds.
Begin MonoManager ReloadAssembly
Native extension for WindowsStandalone target not found
Native extension for WebGL target not found
Refreshing native plugins compatible for Editor in 0.60 ms, found 2 plugins.
Preloading 0 native plugins for Editor in 0.00 ms.
Mono: successfully reloaded assembly
- Completed reload, in  1.009 seconds
Platform modules already initialized, skipping
Refreshing native plugins compatible for Editor in 0.59 ms, found 2 plugins.
Preloading 0 native plugins for Editor in 0.00 ms.
Unloading 3363 Unused Serialized files (Serialized files now loaded: 0)
System memory in use before: 136.7 MB.
System memory in use after: 136.8 MB.

Unloading 17 unused Assets to reduce memory usage. Loaded Objects now: 4104.
Total: 2.301900 ms (FindLiveObjects: 0.282100 ms CreateObjectMapping: 0.140200 ms MarkObjects: 1.771300 ms  DeleteObjects: 0.106100 ms)

========================================================================
Received Import Request.
  Time since last request: 692.466123 seconds.
  path: Assets/script/ball.cs
  artifactKey: Guid(34209055d1c24fa4e95543a4adc95e5e) Importer(815301076,1909f56bfc062723c751e8b465ee728b)
Start importing Assets/script/ball.cs using Guid(34209055d1c24fa4e95543a4adc95e5e) Importer(815301076,1909f56bfc062723c751e8b465ee728b)  -> (artifact id: 'ba3ebbdc446567a8af4e3d0b1b95da15') in 0.012707 seconds 
========================================================================
Received Prepare
Registering precompiled user dll's ...
Registered in 0.003913 seconds.
Begin MonoManager ReloadAssembly
Native extension for WindowsStandalone target not found
Native extension for WebGL target not found
Refreshing native plugins compatible for Editor in 0.49 ms, found 2 plugins.
Preloading 0 native plugins for Editor in 0.00 ms.
Mono: successfully reloaded assembly
- Completed reload, in  0.965 seconds
Platform modules already initialized, skipping
Refreshing native plugins compatible for Editor in 0.56 ms, found 2 plugins.
Preloading 0 native plugins for Editor in 0.00 ms.
Unloading 3363 Unused Serialized files (Serialized files now loaded: 0)
System memory in use before: 136.7 MB.
System memory in use after: 136.8 MB.

Unloading 17 unused Assets to reduce memory usage. Loaded Objects now: 4108.
Total: 2.322400 ms (FindLiveObjects: 0.270700 ms CreateObjectMapping: 0.116200 ms MarkObjects: 1.836800 ms  DeleteObjects: 0.097600 ms)

========================================================================
Received Import Request.
  Time since last request: 195.199045 seconds.
  path: Assets/script/racket.cs
  artifactKey: Guid(b0e9ac02919c4d647989f8badf7e0a6d) Importer(815301076,1909f56bfc062723c751e8b465ee728b)
Start importing Assets/script/racket.cs using Guid(b0e9ac02919c4d647989f8badf7e0a6d) Importer(815301076,1909f56bfc062723c751e8b465ee728b)  -> (artifact id: '9b1158019b75cd2a42b0a32f01f3118e') in 0.008790 seconds 
========================================================================
Received Prepare
Registering precompiled user dll's ...
Registered in 0.003639 seconds.
Begin MonoManager ReloadAssembly
Native extension for WindowsStandalone target not found
Native extension for WebGL target not found
Refreshing native plugins compatible for Editor in 0.64 ms, found 2 plugins.
Preloading 0 native plugins for Editor in 0.00 ms.
Mono: successfully reloaded assembly
- Completed reload, in  0.875 seconds
Platform modules already initialized, skipping
Refreshing native plugins compatible for Editor in 0.54 ms, found 2 plugins.
Preloading 0 native plugins for Editor in 0.00 ms.
Unloading 3363 Unused Serialized files (Serialized files now loaded: 0)
System memory in use before: 136.7 MB.
System memory in use after: 136.8 MB.

Unloading 17 unused Assets to reduce memory usage. Loaded Objects now: 4112.
Total: 2.358600 ms (FindLiveObjects: 0.344500 ms CreateObjectMapping: 0.187200 ms MarkObjects: 1.724300 ms  DeleteObjects: 0.100900 ms)

========================================================================
Received Prepare
Registering precompiled user dll's ...
Registered in 0.003901 seconds.
Begin MonoManager ReloadAssembly
Native extension for WindowsStandalone target not found
Native extension for WebGL target not found
Refreshing native plugins compatible for Editor in 0.69 ms, found 2 plugins.
Preloading 0 native plugins for Editor in 0.00 ms.
Mono: successfully reloaded assembly
- Completed reload, in  0.905 seconds
Platform modules already initialized, skipping
Refreshing native plugins compatible for Editor in 0.64 ms, found 2 plugins.
Preloading 0 native plugins for Editor in 0.00 ms.
Unloading 3363 Unused Serialized files (Serialized files now loaded: 0)
System memory in use before: 136.7 MB.
System memory in use after: 136.8 MB.

Unloading 17 unused Assets to reduce memory usage. Loaded Objects now: 4116.
Total: 2.606500 ms (FindLiveObjects: 0.342900 ms CreateObjectMapping: 0.108000 ms MarkObjects: 2.036000 ms  DeleteObjects: 0.118600 ms)

========================================================================
Received Prepare
Registering precompiled user dll's ...
Registered in 0.004229 seconds.
Begin MonoManager ReloadAssembly
Native extension for WindowsStandalone target not found
Native extension for WebGL target not found
Refreshing native plugins compatible for Editor in 0.53 ms, found 2 plugins.
Preloading 0 native plugins for Editor in 0.00 ms.
Mono: successfully reloaded assembly
- Completed reload, in  0.948 seconds
Platform modules already initialized, skipping
Refreshing native plugins compatible for Editor in 0.48 ms, found 2 plugins.
Preloading 0 native plugins for Editor in 0.00 ms.
Unloading 3363 Unused Serialized files (Serialized files now loaded: 0)
System memory in use before: 136.7 MB.
System memory in use after: 136.8 MB.

Unloading 17 unused Assets to reduce memory usage. Loaded Objects now: 4120.
Total: 2.635000 ms (FindLiveObjects: 0.380200 ms CreateObjectMapping: 0.120100 ms MarkObjects: 2.005800 ms  DeleteObjects: 0.127500 ms)

========================================================================
Received Prepare
Registering precompiled user dll's ...
Registered in 0.003596 seconds.
Begin MonoManager ReloadAssembly
Native extension for WindowsStandalone target not found
Native extension for WebGL target not found
Refreshing native plugins compatible for Editor in 0.49 ms, found 2 plugins.
Preloading 0 native plugins for Editor in 0.00 ms.
Mono: successfully reloaded assembly
- Completed reload, in  0.922 seconds
Platform modules already initialized, skipping
Refreshing native plugins compatible for Editor in 0.54 ms, found 2 plugins.
Preloading 0 native plugins for Editor in 0.00 ms.
Unloading 3363 Unused Serialized files (Serialized files now loaded: 0)
System memory in use before: 136.7 MB.
System memory in use after: 136.9 MB.

Unloading 17 unused Assets to reduce memory usage. Loaded Objects now: 4124.
Total: 2.430600 ms (FindLiveObjects: 0.376500 ms CreateObjectMapping: 0.176300 ms MarkObjects: 1.781100 ms  DeleteObjects: 0.095700 ms)

========================================================================
Received Prepare
Registering precompiled user dll's ...
Registered in 0.003441 seconds.
Begin MonoManager ReloadAssembly
Native extension for WindowsStandalone target not found
Native extension for WebGL target not found
Refreshing native plugins compatible for Editor in 0.83 ms, found 2 plugins.
Preloading 0 native plugins for Editor in 0.00 ms.
Mono: successfully reloaded assembly
- Completed reload, in  0.891 seconds
Platform modules already initialized, skipping
Refreshing native plugins compatible for Editor in 0.56 ms, found 2 plugins.
Preloading 0 native plugins for Editor in 0.00 ms.
Unloading 3363 Unused Serialized files (Serialized files now loaded: 0)
System memory in use before: 136.7 MB.
System memory in use after: 136.9 MB.

Unloading 17 unused Assets to reduce memory usage. Loaded Objects now: 4128.
Total: 2.232900 ms (FindLiveObjects: 0.263600 ms CreateObjectMapping: 0.114200 ms MarkObjects: 1.753100 ms  DeleteObjects: 0.100800 ms)

========================================================================
Received Prepare
Registering precompiled user dll's ...
Registered in 0.003221 seconds.
Begin MonoManager ReloadAssembly
Native extension for WindowsStandalone target not found
Native extension for WebGL target not found
Refreshing native plugins compatible for Editor in 0.63 ms, found 2 plugins.
Preloading 0 native plugins for Editor in 0.00 ms.
Mono: successfully reloaded assembly
- Completed reload, in  0.866 seconds
Platform modules already initialized, skipping
Refreshing native plugins compatible for Editor in 0.56 ms, found 2 plugins.
Preloading 0 native plugins for Editor in 0.00 ms.
Unloading 3363 Unused Serialized files (Serialized files now loaded: 0)
System memory in use before: 136.7 MB.
System memory in use after: 136.9 MB.

Unloading 17 unused Assets to reduce memory usage. Loaded Objects now: 4132.
Total: 2.364600 ms (FindLiveObjects: 0.282200 ms CreateObjectMapping: 0.116900 ms MarkObjects: 1.866000 ms  DeleteObjects: 0.098400 ms)

========================================================================
Received Prepare
Registering precompiled user dll's ...
Registered in 0.003498 seconds.
Begin MonoManager ReloadAssembly
Native extension for WindowsStandalone target not found
Native extension for WebGL target not found
Refreshing native plugins compatible for Editor in 0.56 ms, found 2 plugins.
Preloading 0 native plugins for Editor in 0.00 ms.
Mono: successfully reloaded assembly
- Completed reload, in  0.886 seconds
Platform modules already initialized, skipping
Refreshing native plugins compatible for Editor in 0.58 ms, found 2 plugins.
Preloading 0 native plugins for Editor in 0.00 ms.
Unloading 3363 Unused Serialized files (Serialized files now loaded: 0)
System memory in use before: 136.8 MB.
System memory in use after: 136.9 MB.

Unloading 17 unused Assets to reduce memory usage. Loaded Objects now: 4136.
Total: 2.399100 ms (FindLiveObjects: 0.341300 ms CreateObjectMapping: 0.148100 ms MarkObjects: 1.812200 ms  DeleteObjects: 0.095700 ms)

========================================================================
Received Prepare
Registering precompiled user dll's ...
Registered in 0.003537 seconds.
Begin MonoManager ReloadAssembly
Native extension for WindowsStandalone target not found
Native extension for WebGL target not found
Refreshing native plugins compatible for Editor in 0.54 ms, found 2 plugins.
Preloading 0 native plugins for Editor in 0.00 ms.
Mono: successfully reloaded assembly
- Completed reload, in  0.859 seconds
Platform modules already initialized, skipping
Refreshing native plugins compatible for Editor in 0.52 ms, found 2 plugins.
Preloading 0 native plugins for Editor in 0.00 ms.
Unloading 3363 Unused Serialized files (Serialized files now loaded: 0)
System memory in use before: 136.8 MB.
System memory in use after: 136.9 MB.

Unloading 17 unused Assets to reduce memory usage. Loaded Objects now: 4140.
Total: 2.606800 ms (FindLiveObjects: 0.430000 ms CreateObjectMapping: 0.212600 ms MarkObjects: 1.865900 ms  DeleteObjects: 0.097100 ms)

========================================================================
Received Prepare
Registering precompiled user dll's ...
Registered in 0.003364 seconds.
Begin MonoManager ReloadAssembly
Native extension for WindowsStandalone target not found
Native extension for WebGL target not found
Refreshing native plugins compatible for Editor in 0.77 ms, found 2 plugins.
Preloading 0 native plugins for Editor in 0.00 ms.
Mono: successfully reloaded assembly
- Completed reload, in  0.856 seconds
Platform modules already initialized, skipping
Refreshing native plugins compatible for Editor in 0.60 ms, found 2 plugins.
Preloading 0 native plugins for Editor in 0.00 ms.
Unloading 3363 Unused Serialized files (Serialized files now loaded: 0)
System memory in use before: 136.8 MB.
System memory in use after: 136.9 MB.

Unloading 17 unused Assets to reduce memory usage. Loaded Objects now: 4144.
Total: 2.348100 ms (FindLiveObjects: 0.238400 ms CreateObjectMapping: 0.108100 ms MarkObjects: 1.878900 ms  DeleteObjects: 0.121700 ms)

========================================================================
Received Prepare
Registering precompiled user dll's ...
Registered in 0.003484 seconds.
Begin MonoManager ReloadAssembly
Native extension for WindowsStandalone target not found
Native extension for WebGL target not found
Refreshing native plugins compatible for Editor in 0.49 ms, found 2 plugins.
Preloading 0 native plugins for Editor in 0.00 ms.
Mono: successfully reloaded assembly
- Completed reload, in  0.993 seconds
Platform modules already initialized, skipping
Refreshing native plugins compatible for Editor in 0.54 ms, found 2 plugins.
Preloading 0 native plugins for Editor in 0.00 ms.
Unloading 3363 Unused Serialized files (Serialized files now loaded: 0)
System memory in use before: 136.9 MB.
System memory in use after: 137.0 MB.

Unloading 17 unused Assets to reduce memory usage. Loaded Objects now: 4148.
Total: 2.514200 ms (FindLiveObjects: 0.451700 ms CreateObjectMapping: 0.163400 ms MarkObjects: 1.807400 ms  DeleteObjects: 0.090400 ms)

========================================================================
Received Prepare
Registering precompiled user dll's ...
Registered in 0.003473 seconds.
Begin MonoManager ReloadAssembly
Native extension for WindowsStandalone target not found
Native extension for WebGL target not found
Refreshing native plugins compatible for Editor in 0.89 ms, found 2 plugins.
Preloading 0 native plugins for Editor in 0.00 ms.
Mono: successfully reloaded assembly
- Completed reload, in  0.879 seconds
Platform modules already initialized, skipping
Refreshing native plugins compatible for Editor in 0.59 ms, found 2 plugins.
Preloading 0 native plugins for Editor in 0.00 ms.
Unloading 3363 Unused Serialized files (Serialized files now loaded: 0)
System memory in use before: 136.9 MB.
System memory in use after: 137.0 MB.

Unloading 17 unused Assets to reduce memory usage. Loaded Objects now: 4152.
Total: 2.622800 ms (FindLiveObjects: 0.397100 ms CreateObjectMapping: 0.123500 ms MarkObjects: 1.968600 ms  DeleteObjects: 0.132300 ms)

========================================================================
Received Prepare
Registering precompiled user dll's ...
Registered in 0.004111 seconds.
Begin MonoManager ReloadAssembly
Native extension for WindowsStandalone target not found
Native extension for WebGL target not found
Refreshing native plugins compatible for Editor in 0.53 ms, found 2 plugins.
Preloading 0 native plugins for Editor in 0.00 ms.
Mono: successfully reloaded assembly
- Completed reload, in  0.891 seconds
Platform modules already initialized, skipping
Refreshing native plugins compatible for Editor in 0.48 ms, found 2 plugins.
Preloading 0 native plugins for Editor in 0.00 ms.
Unloading 3363 Unused Serialized files (Serialized files now loaded: 0)
System memory in use before: 136.9 MB.
System memory in use after: 137.0 MB.

Unloading 17 unused Assets to reduce memory usage. Loaded Objects now: 4156.
Total: 2.398700 ms (FindLiveObjects: 0.283700 ms CreateObjectMapping: 0.121900 ms MarkObjects: 1.892300 ms  DeleteObjects: 0.099600 ms)

========================================================================
Received Prepare
Registering precompiled user dll's ...
Registered in 0.006883 seconds.
Begin MonoManager ReloadAssembly
Native extension for WindowsStandalone target not found
Native extension for WebGL target not found
Refreshing native plugins compatible for Editor in 0.97 ms, found 2 plugins.
Preloading 0 native plugins for Editor in 0.00 ms.
Mono: successfully reloaded assembly
- Completed reload, in  2.503 seconds
Platform modules already initialized, skipping
Refreshing native plugins compatible for Editor in 1.17 ms, found 2 plugins.
Preloading 0 native plugins for Editor in 0.00 ms.
Unloading 3363 Unused Serialized files (Serialized files now loaded: 0)
System memory in use before: 136.9 MB.
System memory in use after: 137.0 MB.

Unloading 17 unused Assets to reduce memory usage. Loaded Objects now: 4160.
Total: 6.132300 ms (FindLiveObjects: 0.523700 ms CreateObjectMapping: 0.295200 ms MarkObjects: 5.099700 ms  DeleteObjects: 0.210300 ms)

========================================================================
Received Prepare
Registering precompiled user dll's ...
Registered in 0.010044 seconds.
Begin MonoManager ReloadAssembly
Native extension for WindowsStandalone target not found
Native extension for WebGL target not found
Refreshing native plugins compatible for Editor in 0.85 ms, found 2 plugins.
Preloading 0 native plugins for Editor in 0.00 ms.
Mono: successfully reloaded assembly
- Completed reload, in  2.022 seconds
Platform modules already initialized, skipping
Refreshing native plugins compatible for Editor in 0.89 ms, found 2 plugins.
Preloading 0 native plugins for Editor in 0.00 ms.
Unloading 3363 Unused Serialized files (Serialized files now loaded: 0)
System memory in use before: 136.9 MB.
System memory in use after: 137.0 MB.

Unloading 17 unused Assets to reduce memory usage. Loaded Objects now: 4164.
Total: 4.745000 ms (FindLiveObjects: 0.561800 ms CreateObjectMapping: 0.280700 ms MarkObjects: 3.695600 ms  DeleteObjects: 0.204800 ms)

========================================================================
Received Prepare
Registering precompiled user dll's ...
Registered in 0.010051 seconds.
Begin MonoManager ReloadAssembly
Native extension for WindowsStandalone target not found
Native extension for WebGL target not found
Refreshing native plugins compatible for Editor in 1.01 ms, found 2 plugins.
Preloading 0 native plugins for Editor in 0.00 ms.
Mono: successfully reloaded assembly
- Completed reload, in  2.366 seconds
Platform modules already initialized, skipping
Refreshing native plugins compatible for Editor in 1.23 ms, found 2 plugins.
Preloading 0 native plugins for Editor in 0.00 ms.
Unloading 3363 Unused Serialized files (Serialized files now loaded: 0)
System memory in use before: 136.9 MB.
System memory in use after: 137.1 MB.

Unloading 17 unused Assets to reduce memory usage. Loaded Objects now: 4168.
Total: 4.854000 ms (FindLiveObjects: 0.512100 ms CreateObjectMapping: 0.270000 ms MarkObjects: 3.815300 ms  DeleteObjects: 0.254400 ms)

AssetImportWorkerClient::OnTransportError - code=2 error=End of file
